\BOOKMARK [0][-]{chapter*.2}{Povzetek}{}% 1
\BOOKMARK [0][-]{section*.4}{Abstract}{}% 2
\BOOKMARK [0][-]{chapter.1}{Uvod}{}% 3
\BOOKMARK [0][-]{chapter.2}{Oblikoskladenjsko oznacevanje}{}% 4
\BOOKMARK [1][-]{section.2.1}{Algoritmicne re\235itve}{chapter.2}% 5
\BOOKMARK [1][-]{section.2.2}{Oblikoskladenjsko oznacevanje sloven\235cine}{chapter.2}% 6
\BOOKMARK [1][-]{section.2.3}{Obstojece re\235itve}{chapter.2}% 7
\BOOKMARK [0][-]{chapter.3}{Globoke nevronske mre\236e za besedila}{}% 8
\BOOKMARK [1][-]{section.3.1}{Konvolucijske nevronske mre\236e}{chapter.3}% 9
\BOOKMARK [1][-]{section.3.2}{Rekurentne nevronske mre\236e}{chapter.3}% 10
\BOOKMARK [1][-]{section.3.3}{Hitrocestne nevronske mre\236e}{chapter.3}% 11
\BOOKMARK [1][-]{section.3.4}{Re\235itve sorodnih problemov z uporabo nevronskih mre\236}{chapter.3}% 12
\BOOKMARK [0][-]{chapter.4}{Arhitektura re\235itve}{}% 13
\BOOKMARK [1][-]{section.4.1}{Priprava podatkov}{chapter.4}% 14
\BOOKMARK [1][-]{section.4.2}{Nevronske mre\236e}{chapter.4}% 15
\BOOKMARK [1][-]{section.4.3}{Ucenje modela}{chapter.4}% 16
\BOOKMARK [1][-]{section.4.4}{Ansambel oznacevalnikov}{chapter.4}% 17
\BOOKMARK [0][-]{chapter.5}{Evalvacija}{}% 18
\BOOKMARK [1][-]{section.5.1}{Primerjava oznacevalnikov}{chapter.5}% 19
\BOOKMARK [1][-]{section.5.2}{Analiza napak nevronskega oznacevalnika}{chapter.5}% 20
\BOOKMARK [0][-]{chapter.6}{Zakljucki}{}% 21
